<?xml version="1.0" encoding="UTF-8"?>
<testsuite name="ch.fhnw.kvanc.LabServerApplicationTests" tests="0" skipped="0" failures="0" errors="0" timestamp="1970-01-01T00:00:00" hostname="NB2737" time="0.0">
  <properties/>
  <system-out><![CDATA[17:45:39.258 [Test worker] DEBUG o.s.t.c.j.SpringJUnit4ClassRunner - SpringJUnit4ClassRunner constructor called with [class ch.fhnw.kvanc.LabServerApplicationTests]
17:45:39.274 [Test worker] DEBUG o.s.test.context.BootstrapUtils - Instantiating CacheAwareContextLoaderDelegate from class [org.springframework.test.context.cache.DefaultCacheAwareContextLoaderDelegate]
17:45:39.274 [Test worker] DEBUG o.s.test.context.BootstrapUtils - Instantiating BootstrapContext using constructor [public org.springframework.test.context.support.DefaultBootstrapContext(java.lang.Class,org.springframework.test.context.CacheAwareContextLoaderDelegate)]
17:45:39.289 [Test worker] DEBUG o.s.test.context.BootstrapUtils - Instantiating TestContextBootstrapper for test class [ch.fhnw.kvanc.LabServerApplicationTests] from class [org.springframework.test.context.web.WebTestContextBootstrapper]
17:45:39.305 [Test worker] DEBUG o.s.t.c.w.WebTestContextBootstrapper - Found explicit ContextLoader class [org.springframework.boot.test.SpringApplicationContextLoader] for context configuration attributes [ContextConfigurationAttributes@58685caf declaringClass = 'ch.fhnw.kvanc.LabServerApplicationTests', classes = '{class ch.fhnw.kvanc.LabServerApplication}', locations = '{}', inheritLocations = true, initializers = '{}', inheritInitializers = true, name = [null], contextLoaderClass = 'org.springframework.boot.test.SpringApplicationContextLoader']
17:45:39.320 [Test worker] DEBUG o.s.t.c.s.AbstractContextLoader - Did not detect default resource location for test class [ch.fhnw.kvanc.LabServerApplicationTests]: class path resource [ch/fhnw/kvanc/LabServerApplicationTests-context.xml] does not exist
17:45:39.320 [Test worker] DEBUG o.s.t.c.s.AbstractContextLoader - Did not detect default resource location for test class [ch.fhnw.kvanc.LabServerApplicationTests]: class path resource [ch/fhnw/kvanc/LabServerApplicationTestsContext.groovy] does not exist
17:45:39.320 [Test worker] INFO  o.s.t.c.s.AbstractContextLoader - Could not detect default resource locations for test class [ch.fhnw.kvanc.LabServerApplicationTests]: no resource found for suffixes {-context.xml, Context.groovy}.
17:45:39.320 [Test worker] DEBUG o.s.t.c.support.ActiveProfilesUtils - Could not find an 'annotation declaring class' for annotation type [org.springframework.test.context.ActiveProfiles] and class [ch.fhnw.kvanc.LabServerApplicationTests]
17:45:39.336 [Test worker] DEBUG o.s.t.c.w.WebTestContextBootstrapper - @TestExecutionListeners is not present for class [ch.fhnw.kvanc.LabServerApplicationTests]: using defaults.
17:45:39.336 [Test worker] INFO  o.s.t.c.w.WebTestContextBootstrapper - Loaded default TestExecutionListener class names from location [META-INF/spring.factories]: [org.springframework.test.context.web.ServletTestExecutionListener, org.springframework.test.context.support.DirtiesContextBeforeModesTestExecutionListener, org.springframework.test.context.support.DependencyInjectionTestExecutionListener, org.springframework.test.context.support.DirtiesContextTestExecutionListener, org.springframework.test.context.transaction.TransactionalTestExecutionListener, org.springframework.test.context.jdbc.SqlScriptsTestExecutionListener]
17:45:39.367 [Test worker] INFO  o.s.t.c.w.WebTestContextBootstrapper - Using TestExecutionListeners: [org.springframework.test.context.web.ServletTestExecutionListener@4e0717a2, org.springframework.test.context.support.DirtiesContextBeforeModesTestExecutionListener@248bc99a, org.springframework.test.context.support.DependencyInjectionTestExecutionListener@6c7224c1, org.springframework.test.context.support.DirtiesContextTestExecutionListener@68477258, org.springframework.test.context.transaction.TransactionalTestExecutionListener@1e0bc2f5, org.springframework.test.context.jdbc.SqlScriptsTestExecutionListener@64360fb7]
17:45:39.383 [Test worker] DEBUG o.s.t.annotation.ProfileValueUtils - Retrieved @ProfileValueSourceConfiguration [null] for test class [ch.fhnw.kvanc.LabServerApplicationTests]
17:45:39.383 [Test worker] DEBUG o.s.t.annotation.ProfileValueUtils - Retrieved ProfileValueSource type [class org.springframework.test.annotation.SystemProfileValueSource] for class [ch.fhnw.kvanc.LabServerApplicationTests]
]]></system-out>
  <system-err><![CDATA[]]></system-err>
</testsuite>
